-- The C compiler identification is GNU 9.5.0
-- The CXX compiler identification is GNU 9.5.0
-- Detecting C compiler ABI info
-- Detecting C compiler ABI info - done
-- Check for working C compiler: /usr/bin/cc - skipped
-- Detecting C compile features
-- Detecting C compile features - done
-- Detecting CXX compiler ABI info
-- Detecting CXX compiler ABI info - done
-- Check for working CXX compiler: /usr/bin/c++ - skipped
-- Detecting CXX compile features
-- Detecting CXX compile features - done
-- ==================   !Agilicious! (Standalone Build v2)   ===================
-- Using system provided Eigen 3.4.0
[31mCMake Error at CMakeLists.txt:70 (include):
  include could not find requested file:

    cmake/acados.cmake

-- Searching for ACADOS sources relative to /home/goose/benjiRL/mtrl-drone-racing-training
-- ACADOS_SOURCES found: 
[0m
[33mCMake Warning at CMakeLists.txt:72 (message):
  cmake/acados.cmake did not define the 'acados_agi' target.  Linking might
  fail.

[0m
[31mCMake Error at CMakeLists.txt:186 (message):
  Could not find any ACADOS sources matching patterns in src/controller/mpc/.
  Cannot build required 'acados_mpc' target.  Check paths in CMakeLists.txt.

[0m
-- Configuring incomplete, errors occurred!
See also "/home/goose/benjiRL/mtrl-drone-racing-training/build/agilib/CMakeFiles/CMakeOutput.log".
