[0.092s] DEBUG:colcon:Command line arguments: ['/usr/bin/colcon', 'build']
[0.092s] DEBUG:colcon:Parsed command line arguments: Namespace(log_base=None, log_level=None, verb_name='build', build_base='build', install_base='install', merge_install=False, symlink_install=False, test_result_base=None, continue_on_error=False, executor='parallel', parallel_workers=8, event_handlers=None, ignore_user_meta=False, metas=['./colcon.meta'], base_paths=['.'], packages_ignore=None, packages_ignore_regex=None, paths=None, packages_up_to=None, packages_up_to_regex=None, packages_above=None, packages_above_and_dependencies=None, packages_above_depth=None, packages_select_by_dep=None, packages_skip_by_dep=None, packages_skip_up_to=None, packages_select_build_failed=False, packages_skip_build_finished=False, packages_select_test_failures=False, packages_skip_test_passed=False, packages_select=None, packages_skip=None, packages_select_regex=None, packages_skip_regex=None, packages_start=None, packages_end=None, allow_overriding=[], cmake_args=None, cmake_target=None, cmake_target_skip_unavailable=False, cmake_clean_cache=False, cmake_clean_first=False, cmake_force_configure=False, ament_cmake_args=None, catkin_cmake_args=None, catkin_skip_building_tests=False, mixin_files=None, mixin=None, verb_parser=<colcon_mixin.mixin.mixin_argument.MixinArgumentDecorator object at 0x78d93133cf10>, verb_extension=<colcon_core.verb.build.BuildVerb object at 0x78d93133ca90>, main=<bound method BuildVerb.main of <colcon_core.verb.build.BuildVerb object at 0x78d93133ca90>>, mixin_verb=('build',))
[0.205s] Level 1:colcon.colcon_core.package_discovery:discover_packages(colcon_meta) check parameters
[0.205s] Level 1:colcon.colcon_core.package_discovery:discover_packages(recursive) check parameters
[0.205s] Level 1:colcon.colcon_core.package_discovery:discover_packages(ignore) check parameters
[0.205s] Level 1:colcon.colcon_core.package_discovery:discover_packages(path) check parameters
[0.205s] Level 1:colcon.colcon_core.package_discovery:discover_packages(colcon_meta) discover
[0.205s] Level 1:colcon.colcon_core.package_discovery:discover_packages(recursive) discover
[0.205s] INFO:colcon.colcon_core.package_discovery:Crawling recursively for packages in '/home/goose/benjiRL/mtrl-drone-racing-training/mtrl_trainer'
[0.205s] Level 1:colcon.colcon_core.package_identification:_identify(.) by extensions ['ignore', 'ignore_ament_install']
[0.206s] Level 1:colcon.colcon_core.package_identification:_identify(.) by extension 'ignore'
[0.206s] Level 1:colcon.colcon_core.package_identification:_identify(.) by extension 'ignore_ament_install'
[0.206s] Level 1:colcon.colcon_core.package_identification:_identify(.) by extensions ['colcon_pkg']
[0.206s] Level 1:colcon.colcon_core.package_identification:_identify(.) by extension 'colcon_pkg'
[0.206s] Level 1:colcon.colcon_core.package_identification:_identify(.) by extensions ['colcon_meta']
[0.206s] Level 1:colcon.colcon_core.package_identification:_identify(.) by extension 'colcon_meta'
[0.206s] Level 1:colcon.colcon_core.package_identification:_identify(.) by extensions ['ros']
[0.206s] Level 1:colcon.colcon_core.package_identification:_identify(.) by extension 'ros'
[0.216s] Level 1:colcon.colcon_core.package_identification:_identify(.) by extensions ['cmake', 'python']
[0.216s] Level 1:colcon.colcon_core.package_identification:_identify(.) by extension 'cmake'
[0.247s] Level 1:colcon.colcon_core.package_identification:_identify(.) by extension 'python'
[0.247s] DEBUG:colcon.colcon_core.package_identification:Package '.' with type 'cmake' and name 'agisim_batch_pybind_module'
[0.247s] Level 1:colcon.colcon_core.package_discovery:discover_packages(recursive) using defaults
[0.247s] Level 1:colcon.colcon_core.package_discovery:discover_packages(ignore) discover
[0.247s] Level 1:colcon.colcon_core.package_discovery:discover_packages(ignore) using defaults
[0.247s] Level 1:colcon.colcon_core.package_discovery:discover_packages(path) discover
[0.247s] Level 1:colcon.colcon_core.package_discovery:discover_packages(path) using defaults
[0.264s] Level 1:colcon.colcon_core.package_discovery:discover_packages(prefix_path) check parameters
[0.264s] Level 1:colcon.colcon_core.package_discovery:discover_packages(prefix_path) discover
[0.265s] Level 1:colcon.colcon_core.package_discovery:discover_packages(prefix_path) using defaults
[0.266s] Level 5:colcon.colcon_core.verb:set package 'agisim_batch_pybind_module' build argument 'cmake_args' from command line to 'None'
[0.266s] Level 5:colcon.colcon_core.verb:set package 'agisim_batch_pybind_module' build argument 'cmake_target' from command line to 'None'
[0.266s] Level 5:colcon.colcon_core.verb:set package 'agisim_batch_pybind_module' build argument 'cmake_target_skip_unavailable' from command line to 'False'
[0.266s] Level 5:colcon.colcon_core.verb:set package 'agisim_batch_pybind_module' build argument 'cmake_clean_cache' from command line to 'False'
[0.266s] Level 5:colcon.colcon_core.verb:set package 'agisim_batch_pybind_module' build argument 'cmake_clean_first' from command line to 'False'
[0.266s] Level 5:colcon.colcon_core.verb:set package 'agisim_batch_pybind_module' build argument 'cmake_force_configure' from command line to 'False'
[0.266s] Level 5:colcon.colcon_core.verb:set package 'agisim_batch_pybind_module' build argument 'ament_cmake_args' from command line to 'None'
[0.266s] Level 5:colcon.colcon_core.verb:set package 'agisim_batch_pybind_module' build argument 'catkin_cmake_args' from command line to 'None'
[0.266s] Level 5:colcon.colcon_core.verb:set package 'agisim_batch_pybind_module' build argument 'catkin_skip_building_tests' from command line to 'False'
[0.266s] DEBUG:colcon.colcon_core.verb:Building package 'agisim_batch_pybind_module' with the following arguments: {'ament_cmake_args': None, 'build_base': '/home/goose/benjiRL/mtrl-drone-racing-training/mtrl_trainer/build/agisim_batch_pybind_module', 'catkin_cmake_args': None, 'catkin_skip_building_tests': False, 'cmake_args': None, 'cmake_clean_cache': False, 'cmake_clean_first': False, 'cmake_force_configure': False, 'cmake_target': None, 'cmake_target_skip_unavailable': False, 'install_base': '/home/goose/benjiRL/mtrl-drone-racing-training/mtrl_trainer/install/agisim_batch_pybind_module', 'merge_install': False, 'path': '/home/goose/benjiRL/mtrl-drone-racing-training/mtrl_trainer', 'symlink_install': False, 'test_result_base': None}
[0.266s] INFO:colcon.colcon_core.executor:Executing jobs using 'parallel' executor
[0.267s] DEBUG:colcon.colcon_parallel_executor.executor.parallel:run_until_complete
[0.267s] INFO:colcon.colcon_cmake.task.cmake.build:Building CMake package in '/home/goose/benjiRL/mtrl-drone-racing-training/mtrl_trainer'
[0.269s] INFO:colcon.colcon_core.plugin_system:Skipping extension 'colcon_core.shell.bat': Not used on non-Windows systems
[0.269s] INFO:colcon.colcon_core.shell:Skip shell extension 'powershell' for command environment: Not usable outside of PowerShell
[0.269s] DEBUG:colcon.colcon_core.shell:Skip shell extension 'dsv' for command environment
[0.275s] DEBUG:colcon.colcon_core.event_handler.log_command:Invoking command in '/home/goose/benjiRL/mtrl-drone-racing-training/mtrl_trainer/build/agisim_batch_pybind_module': CONDA_PROMPT_MODIFIER=(tfa) /usr/bin/cmake --build /home/goose/benjiRL/mtrl-drone-racing-training/mtrl_trainer/build/agisim_batch_pybind_module -- -j8 -l8
[12.598s] DEBUG:colcon.colcon_core.event_handler.log_command:Invoked command in '/home/goose/benjiRL/mtrl-drone-racing-training/mtrl_trainer/build/agisim_batch_pybind_module' returned '0': CONDA_PROMPT_MODIFIER=(tfa) /usr/bin/cmake --build /home/goose/benjiRL/mtrl-drone-racing-training/mtrl_trainer/build/agisim_batch_pybind_module -- -j8 -l8
[12.598s] WARNING:colcon.colcon_cmake.task.cmake.build:Could not run installation step for package 'agisim_batch_pybind_module' because it has no 'install' target
[12.598s] Level 1:colcon.colcon_core.environment:create_environment_scripts_only(agisim_batch_pybind_module)
[12.600s] Level 1:colcon.colcon_core.environment:checking '/home/goose/benjiRL/mtrl-drone-racing-training/mtrl_trainer/install/agisim_batch_pybind_module' for CMake module files
[12.600s] Level 1:colcon.colcon_core.environment:checking '/home/goose/benjiRL/mtrl-drone-racing-training/mtrl_trainer/install/agisim_batch_pybind_module' for CMake config files
[12.601s] Level 1:colcon.colcon_core.environment:checking '/home/goose/benjiRL/mtrl-drone-racing-training/mtrl_trainer/install/agisim_batch_pybind_module/bin'
[12.601s] Level 1:colcon.colcon_core.environment:checking '/home/goose/benjiRL/mtrl-drone-racing-training/mtrl_trainer/install/agisim_batch_pybind_module/lib/pkgconfig/agisim_batch_pybind_module.pc'
[12.602s] Level 1:colcon.colcon_core.environment:checking '/home/goose/benjiRL/mtrl-drone-racing-training/mtrl_trainer/install/agisim_batch_pybind_module/lib/python3.10/site-packages'
[12.603s] Level 1:colcon.colcon_core.environment:checking '/home/goose/benjiRL/mtrl-drone-racing-training/mtrl_trainer/install/agisim_batch_pybind_module/bin'
[12.603s] INFO:colcon.colcon_core.shell:Creating package script '/home/goose/benjiRL/mtrl-drone-racing-training/mtrl_trainer/install/agisim_batch_pybind_module/share/agisim_batch_pybind_module/package.ps1'
[12.604s] INFO:colcon.colcon_core.shell:Creating package descriptor '/home/goose/benjiRL/mtrl-drone-racing-training/mtrl_trainer/install/agisim_batch_pybind_module/share/agisim_batch_pybind_module/package.dsv'
[12.604s] INFO:colcon.colcon_core.shell:Creating package script '/home/goose/benjiRL/mtrl-drone-racing-training/mtrl_trainer/install/agisim_batch_pybind_module/share/agisim_batch_pybind_module/package.sh'
[12.605s] INFO:colcon.colcon_core.shell:Creating package script '/home/goose/benjiRL/mtrl-drone-racing-training/mtrl_trainer/install/agisim_batch_pybind_module/share/agisim_batch_pybind_module/package.bash'
[12.605s] INFO:colcon.colcon_core.shell:Creating package script '/home/goose/benjiRL/mtrl-drone-racing-training/mtrl_trainer/install/agisim_batch_pybind_module/share/agisim_batch_pybind_module/package.zsh'
[12.606s] Level 1:colcon.colcon_core.environment:create_file_with_runtime_dependencies(/home/goose/benjiRL/mtrl-drone-racing-training/mtrl_trainer/install/agisim_batch_pybind_module/share/colcon-core/packages/agisim_batch_pybind_module)
[12.606s] DEBUG:colcon.colcon_parallel_executor.executor.parallel:closing loop
[12.607s] DEBUG:colcon.colcon_parallel_executor.executor.parallel:loop closed
[12.607s] DEBUG:colcon.colcon_parallel_executor.executor.parallel:run_until_complete finished with '0'
[12.607s] DEBUG:colcon.colcon_core.event_reactor:joining thread
[12.612s] INFO:colcon.colcon_core.plugin_system:Skipping extension 'colcon_notification.desktop_notification.terminal_notifier': Not used on non-Darwin systems
[12.612s] INFO:colcon.colcon_core.plugin_system:Skipping extension 'colcon_notification.desktop_notification.win32': Not used on non-Windows systems
[12.612s] INFO:colcon.colcon_notification.desktop_notification:Sending desktop notification using 'notify2'
[12.623s] DEBUG:colcon.colcon_core.event_reactor:joined thread
[12.623s] INFO:colcon.colcon_core.shell:Creating prefix script '/home/goose/benjiRL/mtrl-drone-racing-training/mtrl_trainer/install/local_setup.ps1'
[12.624s] INFO:colcon.colcon_core.shell:Creating prefix util module '/home/goose/benjiRL/mtrl-drone-racing-training/mtrl_trainer/install/_local_setup_util_ps1.py'
[12.626s] INFO:colcon.colcon_core.shell:Creating prefix chain script '/home/goose/benjiRL/mtrl-drone-racing-training/mtrl_trainer/install/setup.ps1'
[12.627s] INFO:colcon.colcon_core.shell:Creating prefix script '/home/goose/benjiRL/mtrl-drone-racing-training/mtrl_trainer/install/local_setup.sh'
[12.628s] INFO:colcon.colcon_core.shell:Creating prefix util module '/home/goose/benjiRL/mtrl-drone-racing-training/mtrl_trainer/install/_local_setup_util_sh.py'
[12.628s] INFO:colcon.colcon_core.shell:Creating prefix chain script '/home/goose/benjiRL/mtrl-drone-racing-training/mtrl_trainer/install/setup.sh'
[12.629s] INFO:colcon.colcon_core.shell:Creating prefix script '/home/goose/benjiRL/mtrl-drone-racing-training/mtrl_trainer/install/local_setup.bash'
[12.629s] INFO:colcon.colcon_core.shell:Creating prefix chain script '/home/goose/benjiRL/mtrl-drone-racing-training/mtrl_trainer/install/setup.bash'
[12.630s] INFO:colcon.colcon_core.shell:Creating prefix script '/home/goose/benjiRL/mtrl-drone-racing-training/mtrl_trainer/install/local_setup.zsh'
[12.630s] INFO:colcon.colcon_core.shell:Creating prefix chain script '/home/goose/benjiRL/mtrl-drone-racing-training/mtrl_trainer/install/setup.zsh'
